[ 2014-05-13T16:03:07+08:00 ] ::1 /pro01/index.php
SQL: SHOW COLUMNS FROM `onethink_category` [ RunTime:0.001958s ]
SQL: SELECT `id`,`name`,`title`,`pid`,`sort`,`list_row`,`meta_title`,`keywords`,`description`,`template_index`,`template_lists`,`template_detail`,`template_edit`,`model`,`type`,`link_id`,`allow_publish`,`display`,`reply`,`check`,`reply_model`,`extend`,`create_time`,`update_time`,`status`,`icon` FROM `onethink_category` WHERE ( `status` = 1 ) ORDER BY sort  [ RunTime:0.000701s ]
SQL: SHOW COLUMNS FROM `onethink_document` [ RunTime:0.001373s ]
SQL: SELECT `id`,`uid`,`name`,`title`,`category_id`,`description`,`root`,`pid`,`model_id`,`type`,`position`,`link_id`,`cover_id`,`display`,`deadline`,`attach`,`view`,`comment`,`extend`,`level`,`create_time`,`update_time`,`status` FROM `onethink_document` WHERE ( `status` = 1 ) AND ( `pid` = 0 ) AND ( `create_time` < 1399968187 ) AND ( deadline = 0 OR deadline > 1399968187 ) ORDER BY `id` DESC  [ RunTime:0.000339s ]
INFO: [ view_parse ] --START--
INFO: [ template_filter ] --START--
INFO: Run Behavior\ContentReplaceBehavior [ RunTime:0.000098s ]
INFO: [ template_filter ] --END-- [ RunTime:0.000173s ]
SQL: SHOW COLUMNS FROM `onethink_channel` [ RunTime:0.001364s ]
SQL: SELECT `id`,`pid`,`title`,`url`,`sort`,`create_time`,`update_time`,`status`,`target` FROM `onethink_channel` WHERE ( status=1 ) ORDER BY sort  [ RunTime:0.000313s ]
SQL: SELECT `id`,`name`,`title`,`pid`,`sort`,`list_row`,`meta_title`,`keywords`,`description`,`template_index`,`template_lists`,`template_detail`,`template_edit`,`model`,`type`,`link_id`,`allow_publish`,`display`,`reply`,`check`,`reply_model`,`extend`,`create_time`,`update_time`,`status`,`icon` FROM `onethink_category` WHERE ( `id` = 1 ) LIMIT 1   [ RunTime:0.000304s ]
SQL: SELECT `id`,`name`,`pid`,`title`,`link_id` FROM `onethink_category` WHERE ( `status` = 1 ) ORDER BY sort  [ RunTime:0.000250s ]
INFO: [ view_parse ] --START--
INFO: [ template_filter ] --START--
INFO: Run Behavior\ContentReplaceBehavior [ RunTime:0.000050s ]
INFO: [ template_filter ] --END-- [ RunTime:-0.008229s ]
INFO: Run Behavior\ParseTemplateBehavior [ RunTime:0.003570s ]
INFO: [ view_parse ] --END-- [ RunTime:0.003623s ]
INFO: [ view_filter ] --START--
INFO: Run Behavior\WriteHtmlCacheBehavior [ RunTime:0.000156s ]
INFO: [ view_filter ] --END-- [ RunTime:0.000195s ]
SQL: SELECT `id`,`name`,`title`,`pid`,`sort`,`list_row`,`meta_title`,`keywords`,`description`,`template_index`,`template_lists`,`template_detail`,`template_edit`,`model`,`type`,`link_id`,`allow_publish`,`display`,`reply`,`check`,`reply_model`,`extend`,`create_time`,`update_time`,`status`,`icon` FROM `onethink_category` WHERE ( `id` = 1 ) LIMIT 1   [ RunTime:0.000370s ]
SQL: SELECT `id`,`name`,`pid`,`title`,`link_id` FROM `onethink_category` WHERE ( `status` = 1 ) ORDER BY sort  [ RunTime:0.000244s ]
SQL: SELECT `id`,`uid`,`name`,`title`,`category_id`,`description`,`root`,`pid`,`model_id`,`type`,`position`,`link_id`,`cover_id`,`display`,`deadline`,`attach`,`view`,`comment`,`extend`,`level`,`create_time`,`update_time`,`status` FROM `onethink_document` WHERE ( `status` = 1 ) AND ( `pid` = 0 ) AND ( `category_id` = 2 ) AND ( `create_time` < 1399968187 ) AND ( deadline = 0 OR deadline > 1399968187 ) ORDER BY `level` DESC,`id` DESC LIMIT 0,10   [ RunTime:0.000315s ]
SQL: SHOW COLUMNS FROM `onethink_ucenter_member` [ RunTime:0.001599s ]
SQL: SELECT `id`,`username`,`email`,`mobile`,`status` FROM `onethink_ucenter_member` WHERE ( `id` = 1 ) LIMIT 1   [ RunTime:0.000445s ]
SQL: SHOW COLUMNS FROM `onethink_category` [ RunTime:0.001494s ]
SQL: SELECT * FROM `onethink_category` WHERE ( `id` = 2 ) LIMIT 1   [ RunTime:0.000386s ]
INFO: Run Behavior\ParseTemplateBehavior [ RunTime:0.013835s ]
INFO: [ view_parse ] --END-- [ RunTime:0.003623s ]
INFO: [ view_filter ] --START--
INFO: Run Behavior\WriteHtmlCacheBehavior [ RunTime:0.000013s ]
INFO: [ view_filter ] --END-- [ RunTime:-0.010072s ]
INFO: [ app_end ] --START--
INFO: Run Behavior\ShowPageTraceBehavior [ RunTime:0.000545s ]
INFO: [ app_end ] --END-- [ RunTime:0.000591s ]

[ 2014-05-13T16:03:08+08:00 ] ::1 /pro01/admin.php?s=/Public/login.html
INFO: [ view_parse ] --START--
INFO: [ template_filter ] --START--
INFO: Run Behavior\ContentReplaceBehavior [ RunTime:0.000045s ]
INFO: [ template_filter ] --END-- [ RunTime:0.000089s ]
INFO: Run Behavior\ParseTemplateBehavior [ RunTime:0.004899s ]
INFO: [ view_parse ] --END-- [ RunTime:0.005210s ]
INFO: [ view_filter ] --START--
INFO: Run Behavior\WriteHtmlCacheBehavior [ RunTime:0.000103s ]
INFO: [ view_filter ] --END-- [ RunTime:0.000129s ]
INFO: [ app_end ] --START--
INFO: Run Behavior\ShowPageTraceBehavior [ RunTime:0.000333s ]
INFO: [ app_end ] --END-- [ RunTime:0.000365s ]

[ 2014-05-13T16:03:19+08:00 ] ::1 /pro01/admin.php?s=/Public/login.html
INFO: [ app_begin ] --START--
INFO: Run Behavior\ReadHtmlCacheBehavior [ RunTime:0.000274s ]
INFO: [ app_begin ] --END-- [ RunTime:0.000469s ]
SQL: SHOW COLUMNS FROM `onethink_ucenter_member` [ RunTime:0.005738s ]
SQL: SELECT * FROM `onethink_ucenter_member` WHERE ( `username` = 'administrator' ) LIMIT 1   [ RunTime:0.000401s ]
SQL: UPDATE `onethink_ucenter_member` SET `last_login_time`=1399968199,`last_login_ip`=0 WHERE ( `id` = 1 ) [ RunTime:0.000308s ]
SQL: SHOW COLUMNS FROM `onethink_member` [ RunTime:0.001057s ]
SQL: SELECT `uid`,`nickname`,`sex`,`birthday`,`qq`,`score`,`login`,`reg_ip`,`reg_time`,`last_login_ip`,`last_login_time`,`status` FROM `onethink_member` WHERE ( `uid` = 1 ) LIMIT 1   [ RunTime:0.000284s ]
SQL: SHOW COLUMNS FROM `onethink_action` [ RunTime:0.001110s ]
SQL: SELECT * FROM `onethink_action` WHERE ( `name` = 'user_login' ) LIMIT 1   [ RunTime:0.000237s ]
SQL: SHOW COLUMNS FROM `onethink_member` [ RunTime:0.000994s ]
SQL: SELECT `nickname` FROM `onethink_member` WHERE ( `uid` = 1 ) LIMIT 1   [ RunTime:0.000367s ]
SQL: SHOW COLUMNS FROM `onethink_action_log` [ RunTime:0.002852s ]
SQL: INSERT INTO `onethink_action_log` (`action_id`,`user_id`,`action_ip`,`model`,`record_id`,`create_time`,`remark`) VALUES (1,1,0,'member',1,1399968199,'Administrator在2014-05-13 16:03登录了后台') [ RunTime:0.000511s ]
SQL: SELECT * FROM `onethink_action` WHERE ( `name` = 'user_login' ) LIMIT 1   [ RunTime:0.000490s ]
NOTIC: [8] Undefined offset: 1 /Applications/XAMPP/xamppfiles/htdocs/pro01/Application/Common/Common/function.php 第 665 行.
NOTIC: [2] array_key_exists() expects parameter 2 to be array, null given /Applications/XAMPP/xamppfiles/htdocs/pro01/Application/Common/Common/function.php 第 665 行.
SQL: SELECT COUNT(*) AS tp_count FROM `onethink_action_log` WHERE ( `action_id` = 1 ) AND ( `user_id` = 1 ) AND ( `create_time` > 1399881799 ) LIMIT 1   [ RunTime:0.001130s ]
SQL: UPDATE `onethink_member` SET `score`=score+10 WHERE ( uid=1 AND status>-1 ) [ RunTime:0.000733s ]
SQL: UPDATE `onethink_member` SET `login`=`login`+1,`last_login_time`=1399968199,`last_login_ip`=0 WHERE ( `uid` = 1 ) [ RunTime:0.000171s ]

[ 2014-05-13T16:03:22+08:00 ] ::1 /pro01/admin.php?s=/Index/index.html
SQL: SHOW COLUMNS FROM `onethink_menu` [ RunTime:0.001788s ]
SQL: SELECT * FROM `onethink_menu` WHERE ( `pid` = 0 ) AND ( `hide` = 0 ) ORDER BY sort asc  [ RunTime:0.000752s ]
SQL: SELECT `id` FROM `onethink_menu` WHERE ( url like '%Index/index%' ) LIMIT 1   [ RunTime:0.000773s ]
SQL: SHOW COLUMNS FROM `onethink_menu` [ RunTime:0.001044s ]
SQL: SELECT `id`,`pid`,`title` FROM `onethink_menu` WHERE ( id=1 ) LIMIT 1   [ RunTime:0.000248s ]
SQL: SELECT DISTINCT  `group` FROM `onethink_menu` WHERE ( pid = 1 )  [ RunTime:0.000239s ]
SQL: SELECT `id`,`url` FROM `onethink_menu` WHERE ( `pid` = 1 ) AND ( `hide` = 0 )  [ RunTime:0.000195s ]
INFO: [ view_parse ] --START--
INFO: [ template_filter ] --START--
INFO: Run Behavior\ContentReplaceBehavior [ RunTime:0.000086s ]
INFO: [ template_filter ] --END-- [ RunTime:0.000138s ]
INFO: [ AdminIndex ] --START--
SQL: SHOW COLUMNS FROM `onethink_addons` [ RunTime:0.001545s ]
SQL: SELECT `config` FROM `onethink_addons` WHERE ( `name` = 'SiteStat' ) AND ( `status` = 1 ) LIMIT 1   [ RunTime:0.000288s ]
SQL: SHOW COLUMNS FROM `onethink_member` [ RunTime:0.000941s ]
SQL: SELECT COUNT(*) AS tp_count FROM `onethink_member` LIMIT 1   [ RunTime:0.000165s ]
SQL: SHOW COLUMNS FROM `onethink_action_log` [ RunTime:0.001089s ]
SQL: SELECT COUNT(*) AS tp_count FROM `onethink_action_log` LIMIT 1   [ RunTime:0.000250s ]
SQL: SHOW COLUMNS FROM `onethink_document` [ RunTime:0.001623s ]
SQL: SELECT COUNT(*) AS tp_count FROM `onethink_document` LIMIT 1   [ RunTime:0.000422s ]
SQL: SHOW COLUMNS FROM `onethink_category` [ RunTime:0.001589s ]
SQL: SELECT COUNT(*) AS tp_count FROM `onethink_category` LIMIT 1   [ RunTime:0.000212s ]
SQL: SHOW COLUMNS FROM `onethink_model` [ RunTime:0.001926s ]
SQL: SELECT COUNT(*) AS tp_count FROM `onethink_model` LIMIT 1   [ RunTime:0.000376s ]
INFO: [ view_parse ] --START--
INFO: [ template_filter ] --START--
INFO: Run Behavior\ContentReplaceBehavior [ RunTime:0.000027s ]
INFO: [ template_filter ] --END-- [ RunTime:-0.016522s ]
INFO: Run Behavior\ParseTemplateBehavior [ RunTime:0.001558s ]
INFO: [ view_parse ] --END-- [ RunTime:0.001608s ]
INFO: [ view_filter ] --START--
INFO: Run Behavior\WriteHtmlCacheBehavior [ RunTime:0.000115s ]
INFO: [ view_filter ] --END-- [ RunTime:0.000142s ]
INFO: Run Addons\SiteStat\SiteStatAddon [ RunTime:0.015510s ]
SQL: SELECT `config` FROM `onethink_addons` WHERE ( `name` = 'SystemInfo' ) AND ( `status` = 1 ) LIMIT 1   [ RunTime:0.000391s ]
INFO: [ view_parse ] --START--
INFO: [ template_filter ] --START--
INFO: Run Behavior\ContentReplaceBehavior [ RunTime:0.000032s ]
INFO: [ template_filter ] --END-- [ RunTime:-2.364665s ]
SQL: select version() as v; [ RunTime:0.000258s ]
INFO: Run Behavior\ParseTemplateBehavior [ RunTime:0.002354s ]
INFO: [ view_parse ] --END-- [ RunTime:-2.346388s ]
INFO: [ view_filter ] --START--
INFO: Run Behavior\WriteHtmlCacheBehavior [ RunTime:0.000010s ]
INFO: [ view_filter ] --END-- [ RunTime:-2.348659s ]
INFO: Run Addons\SystemInfo\SystemInfoAddon [ RunTime:2.348668s ]
SQL: SELECT `config` FROM `onethink_addons` WHERE ( `name` = 'DevTeam' ) AND ( `status` = 1 ) LIMIT 1   [ RunTime:0.000346s ]
INFO: [ view_parse ] --START--
INFO: [ template_filter ] --START--
INFO: Run Behavior\ContentReplaceBehavior [ RunTime:0.000030s ]
INFO: [ template_filter ] --END-- [ RunTime:-2.367640s ]
INFO: Run Behavior\ParseTemplateBehavior [ RunTime:0.001370s ]
INFO: [ view_parse ] --END-- [ RunTime:-2.349730s ]
INFO: [ view_filter ] --START--
INFO: Run Behavior\WriteHtmlCacheBehavior [ RunTime:0.000010s ]
INFO: [ view_filter ] --END-- [ RunTime:-2.351003s ]
INFO: Run Addons\DevTeam\DevTeamAddon [ RunTime:0.002325s ]
INFO: [ AdminIndex ] --END-- [ RunTime:2.366585s ]
INFO: Run Behavior\ParseTemplateBehavior [ RunTime:0.001515s ]
INFO: [ view_parse ] --END-- [ RunTime:-2.349730s ]
INFO: [ view_filter ] --START--
INFO: Run Behavior\WriteHtmlCacheBehavior [ RunTime:0.000007s ]
INFO: [ view_filter ] --END-- [ RunTime:-2.351139s ]
INFO: [ app_end ] --START--
INFO: Run Behavior\ShowPageTraceBehavior [ RunTime:0.000706s ]
INFO: [ app_end ] --END-- [ RunTime:0.000804s ]

[ 2014-05-13T16:03:26+08:00 ] ::1 /pro01/admin.php?s=/Article/mydocument.html
SQL: SHOW COLUMNS FROM `onethink_menu` [ RunTime:0.005680s ]
SQL: SELECT * FROM `onethink_menu` WHERE ( `pid` = 0 ) AND ( `hide` = 0 ) ORDER BY sort asc  [ RunTime:0.000446s ]
SQL: SELECT `id` FROM `onethink_menu` WHERE ( url like '%Article/mydocument%' ) LIMIT 1   [ RunTime:0.000192s ]
SQL: SHOW COLUMNS FROM `onethink_menu` [ RunTime:0.000985s ]
SQL: SELECT `id`,`pid`,`title` FROM `onethink_menu` WHERE ( id=2 ) LIMIT 1   [ RunTime:0.000207s ]
SQL: SELECT DISTINCT  `group` FROM `onethink_menu` WHERE ( pid = 2 )  [ RunTime:0.000250s ]
SQL: SELECT `id`,`url` FROM `onethink_menu` WHERE ( `pid` = 2 ) AND ( `hide` = 0 )  [ RunTime:0.000189s ]
SQL: SELECT `id`,`pid`,`title`,`url`,`tip` FROM `onethink_menu` WHERE ( `group` = '内容' ) AND ( `pid` = 2 ) AND ( `hide` = 0 ) ORDER BY sort asc  [ RunTime:0.000229s ]
SQL: SHOW COLUMNS FROM `onethink_auth_group_access` [ RunTime:0.001846s ]
SQL: SELECT `extend_id` FROM onethink_auth_group_access g INNER JOIN onethink_auth_extend c on g.group_id=c.group_id  WHERE ( g.uid='1' and c.type='1' and !isnull(extend_id) )  [ RunTime:0.000410s ]
SQL: SHOW COLUMNS FROM `onethink_category` [ RunTime:0.001715s ]
SQL: SELECT `id`,`title`,`pid`,`allow_publish` FROM `onethink_category` WHERE ( `status` = 1 ) ORDER BY pid,sort  [ RunTime:0.000480s ]
SQL: SHOW COLUMNS FROM `onethink_document` [ RunTime:0.001732s ]
SQL: SELECT COUNT(*) AS tp_count FROM `onethink_document` WHERE ( `status` IN ('0','1','2') ) AND ( `uid` = 1 ) AND ( `pid` = 0 ) LIMIT 1   [ RunTime:0.000424s ]
SQL: SELECT `id`,`uid`,`name`,`title`,`category_id`,`description`,`root`,`pid`,`model_id`,`type`,`position`,`link_id`,`cover_id`,`display`,`deadline`,`attach`,`view`,`comment`,`extend`,`level`,`create_time`,`update_time`,`status` FROM `onethink_document` WHERE ( `status` IN ('0','1','2') ) AND ( `uid` = 1 ) AND ( `pid` = 0 ) ORDER BY update_time desc LIMIT 0,10   [ RunTime:0.000407s ]
INFO: [ view_parse ] --START--
INFO: [ template_filter ] --START--
INFO: Run Behavior\ContentReplaceBehavior [ RunTime:0.000142s ]
INFO: [ template_filter ] --END-- [ RunTime:0.000191s ]
SQL: SHOW COLUMNS FROM `onethink_document` [ RunTime:0.001350s ]
SQL: SELECT COUNT(*) AS tp_count FROM `onethink_document` WHERE ( pid=1 ) LIMIT 1   [ RunTime:0.000252s ]
SQL: SELECT `title` FROM `onethink_category` WHERE ( id=2 ) LIMIT 1   [ RunTime:0.000181s ]
INFO: Run Behavior\ParseTemplateBehavior [ RunTime:0.023914s ]
INFO: [ view_parse ] --END-- [ RunTime:0.023954s ]
INFO: [ view_filter ] --START--
INFO: Run Behavior\WriteHtmlCacheBehavior [ RunTime:0.000153s ]
INFO: [ view_filter ] --END-- [ RunTime:0.000182s ]
INFO: [ app_end ] --START--
INFO: Run Behavior\ShowPageTraceBehavior [ RunTime:0.000395s ]
INFO: [ app_end ] --END-- [ RunTime:0.000433s ]

[ 2014-05-13T16:03:29+08:00 ] ::1 /pro01/admin.php?s=/User/index.html
SQL: SHOW COLUMNS FROM `onethink_menu` [ RunTime:0.005647s ]
SQL: SELECT * FROM `onethink_menu` WHERE ( `pid` = 0 ) AND ( `hide` = 0 ) ORDER BY sort asc  [ RunTime:0.000452s ]
SQL: SELECT `id` FROM `onethink_menu` WHERE ( url like '%User/index%' ) LIMIT 1   [ RunTime:0.000245s ]
SQL: SHOW COLUMNS FROM `onethink_menu` [ RunTime:0.001170s ]
SQL: SELECT `id`,`pid`,`title` FROM `onethink_menu` WHERE ( id=16 ) LIMIT 1   [ RunTime:0.000241s ]
SQL: SELECT DISTINCT  `group` FROM `onethink_menu` WHERE ( pid = 16 )  [ RunTime:0.000295s ]
SQL: SELECT `id`,`url` FROM `onethink_menu` WHERE ( `pid` = 16 ) AND ( `hide` = 0 )  [ RunTime:0.000226s ]
SQL: SELECT `id`,`pid`,`title`,`url`,`tip` FROM `onethink_menu` WHERE ( `group` = '用户管理' ) AND ( `pid` = 16 ) AND ( `hide` = 0 ) ORDER BY sort asc  [ RunTime:0.000400s ]
SQL: SELECT `id`,`pid`,`title`,`url`,`tip` FROM `onethink_menu` WHERE ( `group` = '行为管理' ) AND ( `pid` = 16 ) AND ( `hide` = 0 ) ORDER BY sort asc  [ RunTime:0.000828s ]
SQL: SELECT `id`,`pid`,`title`,`url`,`tip` FROM `onethink_menu` WHERE ( `group` = '' ) AND ( `pid` = 16 ) AND ( `hide` = 0 ) ORDER BY sort asc  [ RunTime:0.000754s ]
SQL: SHOW COLUMNS FROM `onethink_member` [ RunTime:0.001435s ]
SQL: SELECT COUNT(*) AS tp_count FROM `onethink_member` WHERE ( `status` >= 0 ) AND ( `nickname` LIKE '%%' ) LIMIT 1   [ RunTime:0.000310s ]
SQL: SELECT `uid`,`nickname`,`sex`,`birthday`,`qq`,`score`,`login`,`reg_ip`,`reg_time`,`last_login_ip`,`last_login_time`,`status` FROM `onethink_member` WHERE ( `status` >= 0 ) AND ( `nickname` LIKE '%%' ) ORDER BY uid desc LIMIT 0,10   [ RunTime:0.000307s ]
INFO: [ view_parse ] --START--
INFO: [ template_filter ] --START--
INFO: Run Behavior\ContentReplaceBehavior [ RunTime:0.000139s ]
INFO: [ template_filter ] --END-- [ RunTime:0.000204s ]
INFO: Run Behavior\ParseTemplateBehavior [ RunTime:0.014163s ]
INFO: [ view_parse ] --END-- [ RunTime:0.014221s ]
INFO: [ view_filter ] --START--
INFO: Run Behavior\WriteHtmlCacheBehavior [ RunTime:0.000148s ]
INFO: [ view_filter ] --END-- [ RunTime:0.000183s ]
INFO: [ app_end ] --START--
INFO: Run Behavior\ShowPageTraceBehavior [ RunTime:0.000417s ]
INFO: [ app_end ] --END-- [ RunTime:0.000457s ]

[ 2014-05-13T16:03:33+08:00 ] ::1 /pro01/index.php?s=/Home/Article/index/category/blog.html
SQL: SHOW COLUMNS FROM `onethink_category` [ RunTime:0.001443s ]
SQL: SELECT `id`,`name`,`title`,`pid`,`sort`,`list_row`,`meta_title`,`keywords`,`description`,`template_index`,`template_lists`,`template_detail`,`template_edit`,`model`,`type`,`link_id`,`allow_publish`,`display`,`reply`,`check`,`reply_model`,`extend`,`create_time`,`update_time`,`status`,`icon` FROM `onethink_category` WHERE ( `name` = 'blog' ) LIMIT 1   [ RunTime:0.000420s ]
INFO: [ view_parse ] --START--
INFO: [ template_filter ] --START--
INFO: Run Behavior\ContentReplaceBehavior [ RunTime:0.000060s ]
INFO: [ template_filter ] --END-- [ RunTime:0.000104s ]
SQL: SHOW COLUMNS FROM `onethink_channel` [ RunTime:0.001454s ]
SQL: SELECT `id`,`pid`,`title`,`url`,`sort`,`create_time`,`update_time`,`status`,`target` FROM `onethink_channel` WHERE ( status=1 ) ORDER BY sort  [ RunTime:0.000385s ]
SQL: SELECT `id`,`name`,`title`,`pid`,`sort`,`list_row`,`meta_title`,`keywords`,`description`,`template_index`,`template_lists`,`template_detail`,`template_edit`,`model`,`type`,`link_id`,`allow_publish`,`display`,`reply`,`check`,`reply_model`,`extend`,`create_time`,`update_time`,`status`,`icon` FROM `onethink_category` WHERE ( `id` = 1 ) LIMIT 1   [ RunTime:0.000446s ]
SQL: SELECT `id`,`name`,`pid`,`title`,`link_id` FROM `onethink_category` WHERE ( `status` = 1 ) ORDER BY sort  [ RunTime:0.000287s ]
INFO: [ view_parse ] --START--
INFO: [ template_filter ] --START--
INFO: Run Behavior\ContentReplaceBehavior [ RunTime:0.000042s ]
INFO: [ template_filter ] --END-- [ RunTime:-0.008376s ]
INFO: Run Behavior\ParseTemplateBehavior [ RunTime:0.003248s ]
INFO: [ view_parse ] --END-- [ RunTime:0.003286s ]
INFO: [ view_filter ] --START--
INFO: Run Behavior\WriteHtmlCacheBehavior [ RunTime:0.000116s ]
INFO: [ view_filter ] --END-- [ RunTime:0.000146s ]
SQL: SELECT `id`,`name`,`title`,`pid`,`sort`,`list_row`,`meta_title`,`keywords`,`description`,`template_index`,`template_lists`,`template_detail`,`template_edit`,`model`,`type`,`link_id`,`allow_publish`,`display`,`reply`,`check`,`reply_model`,`extend`,`create_time`,`update_time`,`status`,`icon` FROM `onethink_category` WHERE ( `id` = 1 ) LIMIT 1   [ RunTime:0.000388s ]
SQL: SELECT `id`,`name`,`pid`,`title`,`link_id` FROM `onethink_category` WHERE ( `status` = 1 ) ORDER BY sort  [ RunTime:0.000235s ]
SQL: SHOW COLUMNS FROM `onethink_document` [ RunTime:0.001416s ]
SQL: SELECT `id`,`uid`,`name`,`title`,`category_id`,`description`,`root`,`pid`,`model_id`,`type`,`position`,`link_id`,`cover_id`,`display`,`deadline`,`attach`,`view`,`comment`,`extend`,`level`,`create_time`,`update_time`,`status` FROM `onethink_document` WHERE ( `status` = 1 ) AND ( `pid` = 0 ) AND ( `category_id` = 2 ) AND ( `create_time` < 1399968213 ) AND ( deadline = 0 OR deadline > 1399968213 ) ORDER BY `level` DESC,`id` DESC LIMIT 0,10   [ RunTime:0.000340s ]
INFO: Run Behavior\ParseTemplateBehavior [ RunTime:0.007924s ]
INFO: [ view_parse ] --END-- [ RunTime:0.003286s ]
INFO: [ view_filter ] --START--
INFO: Run Behavior\WriteHtmlCacheBehavior [ RunTime:0.000013s ]
INFO: [ view_filter ] --END-- [ RunTime:-0.004604s ]
INFO: [ app_end ] --START--
INFO: Run Behavior\ShowPageTraceBehavior [ RunTime:0.000388s ]
INFO: [ app_end ] --END-- [ RunTime:0.000419s ]

[ 2014-05-13T16:03:34+08:00 ] ::1 /pro01/index.php?s=/Home/Index/index.html
SQL: SHOW COLUMNS FROM `onethink_category` [ RunTime:0.001125s ]
SQL: SELECT `id`,`name`,`title`,`pid`,`sort`,`list_row`,`meta_title`,`keywords`,`description`,`template_index`,`template_lists`,`template_detail`,`template_edit`,`model`,`type`,`link_id`,`allow_publish`,`display`,`reply`,`check`,`reply_model`,`extend`,`create_time`,`update_time`,`status`,`icon` FROM `onethink_category` WHERE ( `status` = 1 ) ORDER BY sort  [ RunTime:0.000369s ]
SQL: SHOW COLUMNS FROM `onethink_document` [ RunTime:0.001372s ]
SQL: SELECT `id`,`uid`,`name`,`title`,`category_id`,`description`,`root`,`pid`,`model_id`,`type`,`position`,`link_id`,`cover_id`,`display`,`deadline`,`attach`,`view`,`comment`,`extend`,`level`,`create_time`,`update_time`,`status` FROM `onethink_document` WHERE ( `status` = 1 ) AND ( `pid` = 0 ) AND ( `create_time` < 1399968214 ) AND ( deadline = 0 OR deadline > 1399968214 ) ORDER BY `id` DESC  [ RunTime:0.000405s ]
INFO: [ view_parse ] --START--
INFO: [ template_filter ] --START--
INFO: Run Behavior\ContentReplaceBehavior [ RunTime:0.000087s ]
INFO: [ template_filter ] --END-- [ RunTime:0.000140s ]
SQL: SHOW COLUMNS FROM `onethink_channel` [ RunTime:0.001176s ]
SQL: SELECT `id`,`pid`,`title`,`url`,`sort`,`create_time`,`update_time`,`status`,`target` FROM `onethink_channel` WHERE ( status=1 ) ORDER BY sort  [ RunTime:0.000266s ]
SQL: SELECT `id`,`name`,`title`,`pid`,`sort`,`list_row`,`meta_title`,`keywords`,`description`,`template_index`,`template_lists`,`template_detail`,`template_edit`,`model`,`type`,`link_id`,`allow_publish`,`display`,`reply`,`check`,`reply_model`,`extend`,`create_time`,`update_time`,`status`,`icon` FROM `onethink_category` WHERE ( `id` = 1 ) LIMIT 1   [ RunTime:0.000279s ]
SQL: SELECT `id`,`name`,`pid`,`title`,`link_id` FROM `onethink_category` WHERE ( `status` = 1 ) ORDER BY sort  [ RunTime:0.000222s ]
INFO: [ view_parse ] --START--
INFO: [ template_filter ] --START--
INFO: Run Behavior\ContentReplaceBehavior [ RunTime:0.000029s ]
INFO: [ template_filter ] --END-- [ RunTime:-0.005872s ]
INFO: Run Behavior\ParseTemplateBehavior [ RunTime:0.002242s ]
INFO: [ view_parse ] --END-- [ RunTime:0.002280s ]
INFO: [ view_filter ] --START--
INFO: Run Behavior\WriteHtmlCacheBehavior [ RunTime:0.000114s ]
INFO: [ view_filter ] --END-- [ RunTime:0.000143s ]
SQL: SELECT `id`,`name`,`title`,`pid`,`sort`,`list_row`,`meta_title`,`keywords`,`description`,`template_index`,`template_lists`,`template_detail`,`template_edit`,`model`,`type`,`link_id`,`allow_publish`,`display`,`reply`,`check`,`reply_model`,`extend`,`create_time`,`update_time`,`status`,`icon` FROM `onethink_category` WHERE ( `id` = 1 ) LIMIT 1   [ RunTime:0.000377s ]
SQL: SELECT `id`,`name`,`pid`,`title`,`link_id` FROM `onethink_category` WHERE ( `status` = 1 ) ORDER BY sort  [ RunTime:0.000218s ]
SQL: SELECT `id`,`uid`,`name`,`title`,`category_id`,`description`,`root`,`pid`,`model_id`,`type`,`position`,`link_id`,`cover_id`,`display`,`deadline`,`attach`,`view`,`comment`,`extend`,`level`,`create_time`,`update_time`,`status` FROM `onethink_document` WHERE ( `status` = 1 ) AND ( `pid` = 0 ) AND ( `category_id` = 2 ) AND ( `create_time` < 1399968214 ) AND ( deadline = 0 OR deadline > 1399968214 ) ORDER BY `level` DESC,`id` DESC LIMIT 0,10   [ RunTime:0.000239s ]
INFO: Run Behavior\ParseTemplateBehavior [ RunTime:0.004275s ]
INFO: [ view_parse ] --END-- [ RunTime:0.002280s ]
INFO: [ view_filter ] --START--
INFO: Run Behavior\WriteHtmlCacheBehavior [ RunTime:0.000007s ]
INFO: [ view_filter ] --END-- [ RunTime:-0.001889s ]
INFO: [ app_end ] --START--
INFO: Run Behavior\ShowPageTraceBehavior [ RunTime:0.000353s ]
INFO: [ app_end ] --END-- [ RunTime:0.000391s ]

[ 2014-05-13T16:03:47+08:00 ] ::1 /pro01/admin.php?s=/Article/mydocument.html
SQL: SHOW COLUMNS FROM `onethink_menu` [ RunTime:0.005708s ]
SQL: SELECT * FROM `onethink_menu` WHERE ( `pid` = 0 ) AND ( `hide` = 0 ) ORDER BY sort asc  [ RunTime:0.000505s ]
SQL: SELECT `id` FROM `onethink_menu` WHERE ( url like '%Article/mydocument%' ) LIMIT 1   [ RunTime:0.000212s ]
SQL: SHOW COLUMNS FROM `onethink_menu` [ RunTime:0.001025s ]
SQL: SELECT `id`,`pid`,`title` FROM `onethink_menu` WHERE ( id=2 ) LIMIT 1   [ RunTime:0.000222s ]
SQL: SELECT DISTINCT  `group` FROM `onethink_menu` WHERE ( pid = 2 )  [ RunTime:0.000259s ]
SQL: SELECT `id`,`url` FROM `onethink_menu` WHERE ( `pid` = 2 ) AND ( `hide` = 0 )  [ RunTime:0.000186s ]
SQL: SELECT `id`,`pid`,`title`,`url`,`tip` FROM `onethink_menu` WHERE ( `group` = '内容' ) AND ( `pid` = 2 ) AND ( `hide` = 0 ) ORDER BY sort asc  [ RunTime:0.000288s ]
SQL: SHOW COLUMNS FROM `onethink_auth_group_access` [ RunTime:0.001140s ]
SQL: SELECT `extend_id` FROM onethink_auth_group_access g INNER JOIN onethink_auth_extend c on g.group_id=c.group_id  WHERE ( g.uid='1' and c.type='1' and !isnull(extend_id) )  [ RunTime:0.000244s ]
SQL: SHOW COLUMNS FROM `onethink_category` [ RunTime:0.001085s ]
SQL: SELECT `id`,`title`,`pid`,`allow_publish` FROM `onethink_category` WHERE ( `status` = 1 ) ORDER BY pid,sort  [ RunTime:0.000240s ]
SQL: SHOW COLUMNS FROM `onethink_document` [ RunTime:0.001492s ]
SQL: SELECT COUNT(*) AS tp_count FROM `onethink_document` WHERE ( `status` IN ('0','1','2') ) AND ( `uid` = 1 ) AND ( `pid` = 0 ) LIMIT 1   [ RunTime:0.000392s ]
SQL: SELECT `id`,`uid`,`name`,`title`,`category_id`,`description`,`root`,`pid`,`model_id`,`type`,`position`,`link_id`,`cover_id`,`display`,`deadline`,`attach`,`view`,`comment`,`extend`,`level`,`create_time`,`update_time`,`status` FROM `onethink_document` WHERE ( `status` IN ('0','1','2') ) AND ( `uid` = 1 ) AND ( `pid` = 0 ) ORDER BY update_time desc LIMIT 0,10   [ RunTime:0.000449s ]
INFO: [ view_parse ] --START--
INFO: [ template_filter ] --START--
INFO: Run Behavior\ContentReplaceBehavior [ RunTime:0.000145s ]
INFO: [ template_filter ] --END-- [ RunTime:0.000196s ]
SQL: SHOW COLUMNS FROM `onethink_document` [ RunTime:0.001232s ]
SQL: SELECT COUNT(*) AS tp_count FROM `onethink_document` WHERE ( pid=1 ) LIMIT 1   [ RunTime:0.000213s ]
SQL: SELECT `title` FROM `onethink_category` WHERE ( id=2 ) LIMIT 1   [ RunTime:0.000198s ]
INFO: Run Behavior\ParseTemplateBehavior [ RunTime:0.025807s ]
INFO: [ view_parse ] --END-- [ RunTime:0.025855s ]
INFO: [ view_filter ] --START--
INFO: Run Behavior\WriteHtmlCacheBehavior [ RunTime:0.000155s ]
INFO: [ view_filter ] --END-- [ RunTime:0.000184s ]
INFO: [ app_end ] --START--
INFO: Run Behavior\ShowPageTraceBehavior [ RunTime:0.000520s ]
INFO: [ app_end ] --END-- [ RunTime:0.000578s ]

[ 2014-05-13T16:52:22+08:00 ] ::1 /pro01/admin.php?s=/Article/mydocument.html
SQL: SHOW COLUMNS FROM `onethink_menu` [ RunTime:0.001426s ]
SQL: SELECT * FROM `onethink_menu` WHERE ( `pid` = 0 ) AND ( `hide` = 0 ) ORDER BY sort asc  [ RunTime:0.000428s ]
SQL: SELECT `id` FROM `onethink_menu` WHERE ( url like '%Article/mydocument%' ) LIMIT 1   [ RunTime:0.000216s ]
SQL: SHOW COLUMNS FROM `onethink_menu` [ RunTime:0.001060s ]
SQL: SELECT `id`,`pid`,`title` FROM `onethink_menu` WHERE ( id=2 ) LIMIT 1   [ RunTime:0.000223s ]
SQL: SELECT DISTINCT  `group` FROM `onethink_menu` WHERE ( pid = 2 )  [ RunTime:0.000243s ]
SQL: SELECT `id`,`url` FROM `onethink_menu` WHERE ( `pid` = 2 ) AND ( `hide` = 0 )  [ RunTime:0.000224s ]
SQL: SELECT `id`,`pid`,`title`,`url`,`tip` FROM `onethink_menu` WHERE ( `group` = '内容' ) AND ( `pid` = 2 ) AND ( `hide` = 0 ) ORDER BY sort asc  [ RunTime:0.000262s ]
SQL: SHOW COLUMNS FROM `onethink_auth_group_access` [ RunTime:0.001154s ]
SQL: SELECT `extend_id` FROM onethink_auth_group_access g INNER JOIN onethink_auth_extend c on g.group_id=c.group_id  WHERE ( g.uid='1' and c.type='1' and !isnull(extend_id) )  [ RunTime:0.000344s ]
SQL: SHOW COLUMNS FROM `onethink_category` [ RunTime:0.001688s ]
SQL: SELECT `id`,`title`,`pid`,`allow_publish` FROM `onethink_category` WHERE ( `status` = 1 ) ORDER BY pid,sort  [ RunTime:0.000440s ]
SQL: SHOW COLUMNS FROM `onethink_document` [ RunTime:0.001220s ]
SQL: SELECT COUNT(*) AS tp_count FROM `onethink_document` WHERE ( `status` IN ('0','1','2') ) AND ( `uid` = 1 ) AND ( `pid` = 0 ) LIMIT 1   [ RunTime:0.000277s ]
SQL: SELECT `id`,`uid`,`name`,`title`,`category_id`,`description`,`root`,`pid`,`model_id`,`type`,`position`,`link_id`,`cover_id`,`display`,`deadline`,`attach`,`view`,`comment`,`extend`,`level`,`create_time`,`update_time`,`status` FROM `onethink_document` WHERE ( `status` IN ('0','1','2') ) AND ( `uid` = 1 ) AND ( `pid` = 0 ) ORDER BY update_time desc LIMIT 0,10   [ RunTime:0.000336s ]
INFO: [ view_parse ] --START--
INFO: [ template_filter ] --START--
INFO: Run Behavior\ContentReplaceBehavior [ RunTime:0.000126s ]
INFO: [ template_filter ] --END-- [ RunTime:0.000173s ]
SQL: SHOW COLUMNS FROM `onethink_document` [ RunTime:0.001828s ]
SQL: SELECT COUNT(*) AS tp_count FROM `onethink_document` WHERE ( pid=1 ) LIMIT 1   [ RunTime:0.000397s ]
SQL: SELECT `title` FROM `onethink_category` WHERE ( id=2 ) LIMIT 1   [ RunTime:0.000318s ]
INFO: Run Behavior\ParseTemplateBehavior [ RunTime:0.025471s ]
INFO: [ view_parse ] --END-- [ RunTime:0.025524s ]
INFO: [ view_filter ] --START--
INFO: Run Behavior\WriteHtmlCacheBehavior [ RunTime:0.000289s ]
INFO: [ view_filter ] --END-- [ RunTime:0.000341s ]
INFO: [ app_end ] --START--
INFO: Run Behavior\ShowPageTraceBehavior [ RunTime:0.000669s ]
INFO: [ app_end ] --END-- [ RunTime:0.000739s ]

[ 2014-05-13T16:52:27+08:00 ] ::1 /pro01/admin.php?s=/Public/login.html
INFO: [ view_parse ] --START--
INFO: [ template_filter ] --START--
INFO: Run Behavior\ContentReplaceBehavior [ RunTime:0.000067s ]
INFO: [ template_filter ] --END-- [ RunTime:0.000146s ]
INFO: Run Behavior\ParseTemplateBehavior [ RunTime:0.008370s ]
INFO: [ view_parse ] --END-- [ RunTime:0.008759s ]
INFO: [ view_filter ] --START--
INFO: Run Behavior\WriteHtmlCacheBehavior [ RunTime:0.000210s ]
INFO: [ view_filter ] --END-- [ RunTime:0.000254s ]
INFO: [ app_end ] --START--
INFO: Run Behavior\ShowPageTraceBehavior [ RunTime:0.000438s ]
INFO: [ app_end ] --END-- [ RunTime:0.000498s ]

